1619698770355|0|statement|connection 13|url jdbc:h2:mem:testdb|     drop table if exists comment CASCADE |     drop table if exists comment CASCADE 
1619698770356|0|statement|connection 13|url jdbc:h2:mem:testdb|     drop table if exists comment_history CASCADE |     drop table if exists comment_history CASCADE 
1619698770357|0|statement|connection 13|url jdbc:h2:mem:testdb|     drop table if exists likes CASCADE |     drop table if exists likes CASCADE 
1619698770357|0|statement|connection 13|url jdbc:h2:mem:testdb|     drop table if exists order_like CASCADE |     drop table if exists order_like CASCADE 
1619698770358|0|statement|connection 13|url jdbc:h2:mem:testdb|     drop table if exists orders CASCADE |     drop table if exists orders CASCADE 
1619698770360|0|statement|connection 13|url jdbc:h2:mem:testdb|     drop table if exists party CASCADE |     drop table if exists party CASCADE 
1619698770361|0|statement|connection 13|url jdbc:h2:mem:testdb|     drop table if exists tag CASCADE |     drop table if exists tag CASCADE 
1619698770361|0|statement|connection 13|url jdbc:h2:mem:testdb|     drop table if exists user CASCADE |     drop table if exists user CASCADE 
1619698770362|0|statement|connection 13|url jdbc:h2:mem:testdb|     drop sequence if exists hibernate_sequence|     drop sequence if exists hibernate_sequence
1619699143749|1|statement|connection 13|url jdbc:h2:mem:testdb|     drop table if exists comment CASCADE |     drop table if exists comment CASCADE 
1619699143751|0|statement|connection 13|url jdbc:h2:mem:testdb|     drop table if exists comment_history CASCADE |     drop table if exists comment_history CASCADE 
1619699143752|0|statement|connection 13|url jdbc:h2:mem:testdb|     drop table if exists likes CASCADE |     drop table if exists likes CASCADE 
1619699143753|0|statement|connection 13|url jdbc:h2:mem:testdb|     drop table if exists order_like CASCADE |     drop table if exists order_like CASCADE 
1619699143756|0|statement|connection 13|url jdbc:h2:mem:testdb|     drop table if exists orders CASCADE |     drop table if exists orders CASCADE 
1619699143756|0|statement|connection 13|url jdbc:h2:mem:testdb|     drop table if exists party CASCADE |     drop table if exists party CASCADE 
1619699143757|0|statement|connection 13|url jdbc:h2:mem:testdb|     drop table if exists tag CASCADE |     drop table if exists tag CASCADE 
1619699143758|0|statement|connection 13|url jdbc:h2:mem:testdb|     drop table if exists user CASCADE |     drop table if exists user CASCADE 
1619699143759|1|statement|connection 13|url jdbc:h2:mem:testdb|     drop sequence if exists hibernate_sequence|     drop sequence if exists hibernate_sequence
1619701357038|0|statement|connection 14|url jdbc:h2:mem:testdb|     drop table if exists comment CASCADE |     drop table if exists comment CASCADE 
1619701357040|0|statement|connection 14|url jdbc:h2:mem:testdb|     drop table if exists comment_history CASCADE |     drop table if exists comment_history CASCADE 
1619701357040|0|statement|connection 14|url jdbc:h2:mem:testdb|     drop table if exists likes CASCADE |     drop table if exists likes CASCADE 
1619701357041|0|statement|connection 14|url jdbc:h2:mem:testdb|     drop table if exists order_like CASCADE |     drop table if exists order_like CASCADE 
1619701357041|0|statement|connection 14|url jdbc:h2:mem:testdb|     drop table if exists orders CASCADE |     drop table if exists orders CASCADE 
1619701357042|0|statement|connection 14|url jdbc:h2:mem:testdb|     drop table if exists party CASCADE |     drop table if exists party CASCADE 
1619701357042|0|statement|connection 14|url jdbc:h2:mem:testdb|     drop table if exists tag CASCADE |     drop table if exists tag CASCADE 
1619701357043|0|statement|connection 14|url jdbc:h2:mem:testdb|     drop table if exists user CASCADE |     drop table if exists user CASCADE 
1619701357043|0|statement|connection 14|url jdbc:h2:mem:testdb|     drop sequence if exists hibernate_sequence|     drop sequence if exists hibernate_sequence
1619701448898|0|statement|connection 14|url jdbc:h2:mem:testdb|     drop table if exists comment CASCADE |     drop table if exists comment CASCADE 
1619701448899|0|statement|connection 14|url jdbc:h2:mem:testdb|     drop table if exists comment_history CASCADE |     drop table if exists comment_history CASCADE 
1619701448900|0|statement|connection 14|url jdbc:h2:mem:testdb|     drop table if exists likes CASCADE |     drop table if exists likes CASCADE 
1619701448900|0|statement|connection 14|url jdbc:h2:mem:testdb|     drop table if exists order_like CASCADE |     drop table if exists order_like CASCADE 
1619701448900|0|statement|connection 14|url jdbc:h2:mem:testdb|     drop table if exists orders CASCADE |     drop table if exists orders CASCADE 
1619701448901|0|statement|connection 14|url jdbc:h2:mem:testdb|     drop table if exists party CASCADE |     drop table if exists party CASCADE 
1619701448901|0|statement|connection 14|url jdbc:h2:mem:testdb|     drop table if exists tag CASCADE |     drop table if exists tag CASCADE 
1619701448902|0|statement|connection 14|url jdbc:h2:mem:testdb|     drop table if exists user CASCADE |     drop table if exists user CASCADE 
1619701448902|0|statement|connection 14|url jdbc:h2:mem:testdb|     drop sequence if exists hibernate_sequence|     drop sequence if exists hibernate_sequence
1619702022348|0|statement|connection 14|url jdbc:h2:mem:testdb|     drop table if exists comment CASCADE |     drop table if exists comment CASCADE 
1619702022353|0|statement|connection 14|url jdbc:h2:mem:testdb|     drop table if exists comment_history CASCADE |     drop table if exists comment_history CASCADE 
1619702022354|0|statement|connection 14|url jdbc:h2:mem:testdb|     drop table if exists likes CASCADE |     drop table if exists likes CASCADE 
1619702022354|0|statement|connection 14|url jdbc:h2:mem:testdb|     drop table if exists order_like CASCADE |     drop table if exists order_like CASCADE 
1619702022355|0|statement|connection 14|url jdbc:h2:mem:testdb|     drop table if exists orders CASCADE |     drop table if exists orders CASCADE 
1619702022355|0|statement|connection 14|url jdbc:h2:mem:testdb|     drop table if exists party CASCADE |     drop table if exists party CASCADE 
1619702022356|0|statement|connection 14|url jdbc:h2:mem:testdb|     drop table if exists tag CASCADE |     drop table if exists tag CASCADE 
1619702022357|0|statement|connection 14|url jdbc:h2:mem:testdb|     drop table if exists user CASCADE |     drop table if exists user CASCADE 
1619702022357|0|statement|connection 14|url jdbc:h2:mem:testdb|     drop sequence if exists hibernate_sequence|     drop sequence if exists hibernate_sequence
1619702530465|0|statement|connection 14|url jdbc:h2:mem:testdb|     drop table if exists comment CASCADE |     drop table if exists comment CASCADE 
1619702530467|0|statement|connection 14|url jdbc:h2:mem:testdb|     drop table if exists comment_history CASCADE |     drop table if exists comment_history CASCADE 
1619702530467|0|statement|connection 14|url jdbc:h2:mem:testdb|     drop table if exists likes CASCADE |     drop table if exists likes CASCADE 
1619702530468|0|statement|connection 14|url jdbc:h2:mem:testdb|     drop table if exists order_like CASCADE |     drop table if exists order_like CASCADE 
1619702530468|0|statement|connection 14|url jdbc:h2:mem:testdb|     drop table if exists orders CASCADE |     drop table if exists orders CASCADE 
1619702530468|0|statement|connection 14|url jdbc:h2:mem:testdb|     drop table if exists party CASCADE |     drop table if exists party CASCADE 
1619702530469|0|statement|connection 14|url jdbc:h2:mem:testdb|     drop table if exists tag CASCADE |     drop table if exists tag CASCADE 
1619702530469|0|statement|connection 14|url jdbc:h2:mem:testdb|     drop table if exists user CASCADE |     drop table if exists user CASCADE 
1619702530470|0|statement|connection 14|url jdbc:h2:mem:testdb|     drop sequence if exists hibernate_sequence|     drop sequence if exists hibernate_sequence
1619702871540|0|statement|connection 14|url jdbc:h2:mem:testdb|     drop table if exists comment CASCADE |     drop table if exists comment CASCADE 
1619702871542|0|statement|connection 14|url jdbc:h2:mem:testdb|     drop table if exists comment_history CASCADE |     drop table if exists comment_history CASCADE 
1619702871543|0|statement|connection 14|url jdbc:h2:mem:testdb|     drop table if exists likes CASCADE |     drop table if exists likes CASCADE 
1619702871543|0|statement|connection 14|url jdbc:h2:mem:testdb|     drop table if exists order_like CASCADE |     drop table if exists order_like CASCADE 
1619702871543|0|statement|connection 14|url jdbc:h2:mem:testdb|     drop table if exists orders CASCADE |     drop table if exists orders CASCADE 
1619702871544|0|statement|connection 14|url jdbc:h2:mem:testdb|     drop table if exists party CASCADE |     drop table if exists party CASCADE 
1619702871544|0|statement|connection 14|url jdbc:h2:mem:testdb|     drop table if exists tag CASCADE |     drop table if exists tag CASCADE 
1619702871544|0|statement|connection 14|url jdbc:h2:mem:testdb|     drop table if exists user CASCADE |     drop table if exists user CASCADE 
1619702871545|0|statement|connection 14|url jdbc:h2:mem:testdb|     drop sequence if exists hibernate_sequence|     drop sequence if exists hibernate_sequence
